<?xml version="1.0" encoding="UTF-8"?>
<!-- Generated by org.testng.reporters.JUnitXMLReporter -->
<testsuite ignored="0" hostname="Gsquare" failures="0" tests="2" name="Command line test" time="0.028" errors="0" timestamp="2023-04-11T07:35:11 IST">
  <testcase classname="com.soucelab.utils.AppiumBaseClass" name="@BeforeClass setupClass" time="-1.681178711007E9">
    <failure type="org.testng.TestNGException" message="
Parameter &amp;apos;grantPermissions&amp;apos; is required by BeforeClass on method setupClass but has not been marked @Optional or defined
">
      <![CDATA[org.testng.TestNGException: 
Parameter 'grantPermissions' is required by BeforeClass on method setupClass but has not been marked @Optional or defined

at java.base/java.util.ArrayList.forEach(ArrayList.java:1511)
... Removed 31 stack frames]]>
    </failure>
  </testcase> <!-- @BeforeClass setupClass -->
  <testcase classname="com.soucelab.utils.AppiumBaseClass" name="@BeforeMethod launchApp" time="-1.681178711016E9">
    <skipped/>
  </testcase> <!-- @BeforeMethod launchApp -->
  <testcase classname="com.soucelab.utils.AppiumBaseClass" name="@AfterMethod closeApp" time="-1.681178711023E9">
    <skipped/>
  </testcase> <!-- @AfterMethod closeApp -->
  <testcase classname="com.soucelab.utils.AppiumBaseClass" name="@BeforeMethod launchApp" time="-1.681178711024E9">
    <skipped/>
  </testcase> <!-- @BeforeMethod launchApp -->
  <testcase classname="com.soucelab.utils.AppiumBaseClass" name="@AfterMethod closeApp" time="-1.681178711024E9">
    <skipped/>
  </testcase> <!-- @AfterMethod closeApp -->
  <testcase classname="com.soucelab.utils.AppiumBaseClass" name="@AfterClass tearDownClass" time="-1.681178711025E9">
    <skipped/>
  </testcase> <!-- @AfterClass tearDownClass -->
  <testcase classname="com.soucelab.test.Testcase1" name="loginIntoAppWithInValidCredentials" time="0.0">
    <skipped/>
  </testcase> <!-- loginIntoAppWithInValidCredentials -->
  <testcase classname="com.soucelab.test.Testcase1" name="loginIntoAppWithValidCredentials" time="0.0">
    <skipped/>
  </testcase> <!-- loginIntoAppWithValidCredentials -->
</testsuite> <!-- Command line test -->
